#At time x process y state arr w total z remain y wait k
#At time x process y state arr w total z remain y wait k
At time 3 process 1 paused arr 2 total 24 remain 23 wait 0
At time 8 process 2 paused arr 3 total 21 remain 16 wait 0
#At time x process y state arr w total z remain y wait k
At time 3 process 1 paused arr 2 total 24 remain 23 wait 0
#At time x process y state arr w total z remain y wait k
At time 2 process 1 started arr 2 total 24 remain 24 wait 0
At time 28 process 1 finished arr 2 total 24 remain 0 wait 2 TA 26 WTA 1.08
At time 28 process 2 started arr 3 total 21 remain 21 wait 25
At time 51 process 2 finished arr 3 total 21 remain 0 wait 27 TA 48 WTA 2.29
At time 51 process 3 started arr 8 total 7 remain 7 wait 43
At time 58 process 3 finished arr 8 total 7 remain 0 wait 43 TA 50 WTA 7.14
#At time x process y state arr w total z remain y wait k
At time 2 process 1 started arr 2 total 24 remain 24 wait 0
At time 27 process 1 finished arr 2 total 24 remain 0 wait 1 TA 25 WTA 1.04
At time 27 process 2 started arr 3 total 21 remain 21 wait 24
At time 51 process 2 finished arr 3 total 21 remain 0 wait 27 TA 48 WTA 2.29
At time 51 process 3 started arr 8 total 7 remain 7 wait 43
At time 58 process 3 finished arr 8 total 7 remain 0 wait 43 TA 50 WTA 7.14
#At time x process y state arr w total z remain y wait k
At time 2 process 1 started arr 2 total 24 remain 24 wait 0
At time 26 process 1 finished arr 2 total 24 remain 0 wait 0 TA 24 WTA 1.00
At time 26 process 1 started arr 2 total 24 remain 24 wait 24
At time 49 process 1 finished arr 2 total 24 remain 0 wait 23 TA 47 WTA 1.96
#At time x process y state arr w total z remain y wait k
At time 2 process 1 started arr 2 total 24 remain 24 wait 0
At time 25 process 1 finished arr 2 total 24 remain 0 wait -1 TA 23 WTA 0.96
At time 25 process 1 started arr 2 total 24 remain 24 wait 23
#At time x process y state arr w total z remain y wait k
At time 2 process 1 started arr 2 total 24 remain 24 wait 0
#At time x process y state arr w total z remain y wait k
At time 2 process 1 started arr 2 total 2 remain 2 wait 0
At time 4 process 1 finished arr 2 total 2 remain 0 wait 0 TA 2 WTA 1.00
#At time x process y state arr w total z remain y wait k
At time 0 process 1 started arr 0 total 2 remain 2 wait 0
At time 2 process 1 finished arr 0 total 2 remain 0 wait 0 TA 2 WTA 1.00
#At time x process y state arr w total z remain y wait k
At time 0 process 1 started arr 0 total 2 remain 2 wait 0
At time 2 process 1 finished arr 0 total 2 remain 0 wait 0 TA 2 WTA 1.00
At time 2 process 2 started arr 0 total 2 remain 2 wait 2
At time 4 process 2 finished arr 0 total 2 remain 0 wait 2 TA 4 WTA 2.00
#At time x process y state arr w total z remain y wait k
At time 0 process 1 started arr 0 total 2 remain 2 wait 0
At time 2 process 1 finished arr 0 total 2 remain 0 wait 0 TA 2 WTA 1.00
At time 2 process 3 started arr 0 total 2 remain 2 wait 2
At time 4 process 3 finished arr 0 total 2 remain 0 wait 2 TA 4 WTA 2.00
At time 4 process 2 started arr 0 total 2 remain 2 wait 4
At time 6 process 2 finished arr 0 total 2 remain 0 wait 4 TA 6 WTA 3.00
#At time x process y state arr w total z remain y wait k
At time 0 process 1 started arr 0 total 2 remain 2 wait 0
At time 2 process 1 finished arr 0 total 2 remain 0 wait 0 TA 2 WTA 1.00
At time 2 process 4 started arr 0 total 2 remain 2 wait 2
At time 4 process 4 finished arr 0 total 2 remain 0 wait 2 TA 4 WTA 2.00
At time 4 process 3 started arr 0 total 2 remain 2 wait 4
At time 6 process 3 finished arr 0 total 2 remain 0 wait 4 TA 6 WTA 3.00
At time 6 process 2 started arr 0 total 2 remain 2 wait 6
At time 8 process 2 finished arr 0 total 2 remain 0 wait 6 TA 8 WTA 4.00
#At time x process y state arr w total z remain y wait k
At time 0 process 1 started arr 0 total 2 remain 2 wait 0
At time 2 process 1 finished arr 0 total 2 remain 0 wait 0 TA 2 WTA 1.00
At time 2 process 2 started arr 2 total 2 remain 2 wait 0
At time 4 process 2 finished arr 2 total 2 remain 0 wait 0 TA 2 WTA 1.00
At time 4 process 3 started arr 4 total 2 remain 2 wait 0
At time 6 process 3 finished arr 4 total 2 remain 0 wait 0 TA 2 WTA 1.00
At time 6 process 4 started arr 6 total 2 remain 2 wait 0
At time 8 process 4 finished arr 6 total 2 remain 0 wait 0 TA 2 WTA 1.00
#At time x process y state arr w total z remain y wait k
At time 0 process 1 started arr 0 total 2 remain 2 wait 0
At time 2 process 1 finished arr 0 total 2 remain 0 wait 0 TA 2 WTA 1.00
At time 2 process 2 started arr 2 total 2 remain 2 wait 0
At time 4 process 2 finished arr 2 total 2 remain 0 wait 0 TA 2 WTA 1.00
At time 4 process 3 started arr 4 total 2 remain 2 wait 0
At time 6 process 3 finished arr 4 total 2 remain 0 wait 0 TA 2 WTA 1.00
At time 6 process 4 started arr 6 total 2 remain 2 wait 0
At time 8 process 4 finished arr 6 total 2 remain 0 wait 0 TA 2 WTA 1.00
#At time x process y state arr w total z remain y wait k
At time 0 process 1 started arr 0 total 2 remain 2 wait 0
At time 2 process 1 finished arr 0 total 2 remain 0 wait 0 TA 2 WTA 1.00
At time 2 process 2 started arr 2 total 2 remain 2 wait 0
At time 4 process 2 finished arr 2 total 2 remain 0 wait 0 TA 2 WTA 1.00
At time 4 process 3 started arr 4 total 2 remain 2 wait 0
At time 6 process 3 finished arr 4 total 2 remain 0 wait 0 TA 2 WTA 1.00
At time 6 process 4 started arr 6 total 2 remain 2 wait 0
At time 8 process 4 finished arr 6 total 2 remain 0 wait 0 TA 2 WTA 1.00
At time 8 process 5 started arr 8 total 2 remain 2 wait 0
At time 10 process 5 finished arr 8 total 2 remain 0 wait 0 TA 2 WTA 1.00
#At time x process y state arr w total z remain y wait k
At time 0 process 1 started arr 0 total 2 remain 2 wait 0
At time 2 process 1 finished arr 0 total 2 remain 0 wait 0 TA 2 WTA 1.00
At time 2 process 2 started arr 2 total 2 remain 2 wait 0
At time 4 process 2 finished arr 2 total 2 remain 0 wait 0 TA 2 WTA 1.00
At time 4 process 3 started arr 4 total 2 remain 2 wait 0
At time 6 process 3 finished arr 4 total 2 remain 0 wait 0 TA 2 WTA 1.00
At time 6 process 4 started arr 6 total 2 remain 2 wait 0
At time 8 process 4 finished arr 6 total 2 remain 0 wait 0 TA 2 WTA 1.00
At time 8 process 5 started arr 8 total 2 remain 2 wait 0
At time 10 process 5 finished arr 8 total 2 remain 0 wait 0 TA 2 WTA 1.00
#At time x process y state arr w total z remain y wait k
At time 1 process 1 started arr 0 total 2 remain 2 wait 1
At time 3 process 1 finished arr 0 total 2 remain 0 wait 1 TA 3 WTA 1.50
At time 3 process 2 started arr 2 total 2 remain 2 wait 1
At time 5 process 2 finished arr 2 total 2 remain 0 wait 1 TA 3 WTA 1.50
At time 5 process 3 started arr 4 total 2 remain 2 wait 1
At time 7 process 3 finished arr 4 total 2 remain 0 wait 1 TA 3 WTA 1.50
At time 7 process 4 started arr 6 total 2 remain 2 wait 1
At time 9 process 4 finished arr 6 total 2 remain 0 wait 1 TA 3 WTA 1.50
At time 9 process 5 started arr 8 total 2 remain 2 wait 1
At time 11 process 5 finished arr 8 total 2 remain 0 wait 1 TA 3 WTA 1.50
#At time x process y state arr w total z remain y wait k
At time 0 process 1 started arr 0 total 2 remain 2 wait 0
At time 2 process 1 finished arr 0 total 2 remain 0 wait 0 TA 2 WTA 1.00
At time 2 process 2 started arr 2 total 2 remain 2 wait 0
At time 4 process 2 finished arr 2 total 2 remain 0 wait 0 TA 2 WTA 1.00
At time 4 process 3 started arr 4 total 2 remain 2 wait 0
At time 6 process 3 finished arr 4 total 2 remain 0 wait 0 TA 2 WTA 1.00
At time 6 process 4 started arr 6 total 2 remain 2 wait 0
At time 8 process 4 finished arr 6 total 2 remain 0 wait 0 TA 2 WTA 1.00
At time 8 process 5 started arr 8 total 2 remain 2 wait 0
At time 10 process 5 finished arr 8 total 2 remain 0 wait 0 TA 2 WTA 1.00
At time 10 process 6 started arr 10 total 2 remain 2 wait 0
At time 12 process 6 finished arr 10 total 2 remain 0 wait 0 TA 2 WTA 1.00
#At time x process y state arr w total z remain y wait k
At time 0 process 1 started arr 0 total 2 remain 2 wait 0
At time 2 process 1 finished arr 0 total 2 remain 0 wait 0 TA 2 WTA 1.00
At time 2 process 2 started arr 2 total 2 remain 2 wait 0
At time 4 process 2 finished arr 2 total 2 remain 0 wait 0 TA 2 WTA 1.00
At time 4 process 3 started arr 4 total 2 remain 2 wait 0
At time 6 process 3 finished arr 4 total 2 remain 0 wait 0 TA 2 WTA 1.00
At time 6 process 4 started arr 6 total 2 remain 2 wait 0
At time 8 process 4 finished arr 6 total 2 remain 0 wait 0 TA 2 WTA 1.00
At time 8 process 5 started arr 8 total 2 remain 2 wait 0
At time 10 process 5 finished arr 8 total 2 remain 0 wait 0 TA 2 WTA 1.00
At time 10 process 6 started arr 10 total 2 remain 2 wait 0
At time 12 process 6 finished arr 10 total 2 remain 0 wait 0 TA 2 WTA 1.00
#At time x process y state arr w total z remain y wait k
At time 0 process 1 started arr 0 total 2 remain 2 wait 0
At time 2 process 1 finished arr 0 total 2 remain 0 wait 0 TA 2 WTA 1.00
At time 2 process 2 started arr 2 total 2 remain 2 wait 0
At time 4 process 2 finished arr 2 total 2 remain 0 wait 0 TA 2 WTA 1.00
At time 4 process 3 started arr 4 total 2 remain 2 wait 0
At time 6 process 3 finished arr 4 total 2 remain 0 wait 0 TA 2 WTA 1.00
At time 6 process 4 started arr 6 total 2 remain 2 wait 0
At time 8 process 4 finished arr 6 total 2 remain 0 wait 0 TA 2 WTA 1.00
At time 8 process 5 started arr 8 total 2 remain 2 wait 0
At time 10 process 5 finished arr 8 total 2 remain 0 wait 0 TA 2 WTA 1.00
At time 10 process 6 started arr 10 total 2 remain 2 wait 0
At time 12 process 6 finished arr 10 total 2 remain 0 wait 0 TA 2 WTA 1.00
#At time x process y state arr w total z remain y wait k
At time 0 process 1 started arr 0 total 2 remain 2 wait 0
At time 2 process 1 finished arr 0 total 2 remain 0 wait 0 TA 2 WTA 1.00
At time 2 process 2 started arr 2 total 2 remain 2 wait 0
At time 4 process 2 finished arr 2 total 2 remain 0 wait 0 TA 2 WTA 1.00
At time 4 process 3 started arr 4 total 2 remain 2 wait 0
At time 6 process 3 finished arr 4 total 2 remain 0 wait 0 TA 2 WTA 1.00
At time 6 process 4 started arr 6 total 2 remain 2 wait 0
At time 8 process 4 finished arr 6 total 2 remain 0 wait 0 TA 2 WTA 1.00
At time 8 process 5 started arr 8 total 2 remain 2 wait 0
At time 10 process 5 finished arr 8 total 2 remain 0 wait 0 TA 2 WTA 1.00
At time 10 process 6 started arr 10 total 2 remain 2 wait 0
#At time x process y state arr w total z remain y wait k
At time 0 process 1 started arr 0 total 2 remain 2 wait 0
At time 2 process 1 finished arr 0 total 2 remain 0 wait 0 TA 2 WTA 1.00
At time 2 process 2 started arr 2 total 2 remain 2 wait 0
At time 4 process 2 finished arr 2 total 2 remain 0 wait 0 TA 2 WTA 1.00
At time 4 process 3 started arr 4 total 2 remain 2 wait 0
At time 6 process 3 finished arr 4 total 2 remain 0 wait 0 TA 2 WTA 1.00
At time 6 process 4 started arr 6 total 2 remain 2 wait 0
At time 8 process 4 finished arr 6 total 2 remain 0 wait 0 TA 2 WTA 1.00
At time 8 process 5 started arr 8 total 2 remain 2 wait 0
At time 10 process 5 finished arr 8 total 2 remain 0 wait 0 TA 2 WTA 1.00
At time 10 process 6 started arr 10 total 2 remain 2 wait 0
At time 12 process 6 finished arr 10 total 2 remain 0 wait 0 TA 2 WTA 1.00
#At time x process y state arr w total z remain y wait k
At time 0 process 1 started arr 0 total 2 remain 2 wait 0
At time 2 process 1 finished arr 0 total 2 remain 0 wait 0 TA 2 WTA 1.00
At time 2 process 2 started arr 2 total 2 remain 2 wait 0
At time 4 process 2 finished arr 2 total 2 remain 0 wait 0 TA 2 WTA 1.00
At time 4 process 3 started arr 4 total 2 remain 2 wait 0
At time 6 process 3 finished arr 4 total 2 remain 0 wait 0 TA 2 WTA 1.00
At time 6 process 4 started arr 6 total 2 remain 2 wait 0
At time 8 process 4 finished arr 6 total 2 remain 0 wait 0 TA 2 WTA 1.00
At time 8 process 5 started arr 8 total 2 remain 2 wait 0
At time 10 process 5 finished arr 8 total 2 remain 0 wait 0 TA 2 WTA 1.00
At time 10 process 6 started arr 10 total 2 remain 2 wait 0
At time 12 process 6 finished arr 10 total 2 remain 0 wait 0 TA 2 WTA 1.00
#At time x process y state arr w total z remain y wait k
At time 0 process 1 started arr 0 total 2 remain 2 wait 0
At time 2 process 1 finished arr 0 total 2 remain 0 wait 0 TA 2 WTA 1.00
At time 2 process 2 started arr 2 total 2 remain 2 wait 0
At time 4 process 2 finished arr 2 total 2 remain 0 wait 0 TA 2 WTA 1.00
At time 5 process 3 started arr 4 total 2 remain 2 wait 1
At time 7 process 3 finished arr 4 total 2 remain 0 wait 1 TA 3 WTA 1.50
At time 7 process 4 started arr 6 total 2 remain 2 wait 1
At time 9 process 4 finished arr 6 total 2 remain 0 wait 1 TA 3 WTA 1.50
At time 9 process 5 started arr 8 total 2 remain 2 wait 1
At time 11 process 5 finished arr 8 total 2 remain 0 wait 1 TA 3 WTA 1.50
At time 11 process 6 started arr 10 total 2 remain 2 wait 1
At time 13 process 6 finished arr 10 total 2 remain 0 wait 1 TA 3 WTA 1.50
#At time x process y state arr w total z remain y wait k
At time 0 process 1 started arr 0 total 2 remain 2 wait 0
At time 1 process 1 paused arr 0 total 2 remain 1 wait 0
At time 1 process 1 resumed arr 0 total 2 remain 1 wait 0
At time 2 process 1 finished arr 0 total 2 remain 0 wait 0 TA 2 WTA 1.00
At time 2 process 2 started arr 2 total 2 remain 2 wait 0
At time 3 process 2 paused arr 2 total 2 remain 1 wait 0
At time 3 process 2 resumed arr 2 total 2 remain 1 wait 0
At time 4 process 2 finished arr 2 total 2 remain 0 wait 0 TA 2 WTA 1.00
At time 4 process 3 started arr 4 total 2 remain 2 wait 0
At time 5 process 3 paused arr 4 total 2 remain 1 wait 0
At time 5 process 3 resumed arr 4 total 2 remain 1 wait 0
At time 6 process 3 finished arr 4 total 2 remain 0 wait 0 TA 2 WTA 1.00
At time 7 process 4 started arr 6 total 2 remain 2 wait 1
At time 7 process 4 paused arr 6 total 2 remain 1 wait 0
At time 7 process 4 resumed arr 6 total 2 remain 1 wait 0
At time 8 process 4 finished arr 6 total 2 remain 0 wait 0 TA 2 WTA 1.00
At time 9 process 5 started arr 8 total 2 remain 2 wait 1
At time 9 process 5 paused arr 8 total 2 remain 2 wait 1
At time 10 process 5 resumed arr 8 total 2 remain 2 wait 2
At time 10 process 5 paused arr 8 total 2 remain 2 wait 2
At time 11 process 6 started arr 10 total 2 remain 2 wait 1
At time 12 process 6 paused arr 10 total 2 remain 1 wait 1
At time 12 process 5 resumed arr 8 total 2 remain 2 wait 4
At time 12 process 5 finished arr 8 total 2 remain 0 wait 2 TA 4 WTA 2.00
At time 12 process 6 resumed arr 10 total 2 remain 1 wait 1
At time 13 process 6 paused arr 10 total 2 remain 0 wait 1
At time 13 process 6 resumed arr 10 total 2 remain 0 wait 1
At time 13 process 6 finished arr 10 total 2 remain 0 wait 1 TA 3 WTA 1.50
#At time x process y state arr w total z remain y wait k
At time 0 process 1 started arr 0 total 4 remain 4 wait 0
At time 2 process 1 paused arr 0 total 4 remain 2 wait 0
At time 2 process 2 started arr 2 total 4 remain 4 wait 0
At time 4 process 2 paused arr 2 total 4 remain 2 wait 0
At time 4 process 1 resumed arr 0 total 4 remain 2 wait 2
At time 6 process 1 finished arr 0 total 4 remain 0 wait 2 TA 6 WTA 1.50
At time 6 process 3 started arr 4 total 4 remain 4 wait 2
At time 8 process 3 paused arr 4 total 4 remain 2 wait 2
At time 8 process 2 resumed arr 2 total 4 remain 2 wait 4
At time 10 process 2 finished arr 2 total 4 remain 0 wait 4 TA 8 WTA 2.00
At time 10 process 4 started arr 6 total 4 remain 4 wait 4
At time 12 process 4 paused arr 6 total 4 remain 2 wait 4
At time 12 process 5 started arr 8 total 4 remain 4 wait 4
At time 14 process 5 paused arr 8 total 4 remain 2 wait 4
At time 14 process 3 resumed arr 4 total 4 remain 2 wait 8
At time 16 process 3 finished arr 4 total 4 remain 0 wait 8 TA 12 WTA 3.00
At time 16 process 6 started arr 10 total 4 remain 4 wait 6
At time 18 process 6 paused arr 10 total 4 remain 2 wait 6
At time 18 process 4 resumed arr 6 total 4 remain 2 wait 10
At time 20 process 4 finished arr 6 total 4 remain 0 wait 10 TA 14 WTA 3.50
At time 20 process 5 resumed arr 8 total 4 remain 2 wait 10
At time 22 process 5 finished arr 8 total 4 remain 0 wait 10 TA 14 WTA 3.50
At time 22 process 6 resumed arr 10 total 4 remain 2 wait 10
At time 24 process 6 finished arr 10 total 4 remain 0 wait 10 TA 14 WTA 3.50
#At time x process y state arr w total z remain y wait k
At time 0 process 1 started arr 0 total 4 remain 4 wait 0
At time 2 process 1 paused arr 0 total 4 remain 2 wait 0
At time 2 process 2 started arr 0 total 4 remain 4 wait 2
At time 4 process 2 paused arr 0 total 4 remain 2 wait 2
At time 4 process 1 resumed arr 0 total 4 remain 2 wait 2
At time 6 process 1 finished arr 0 total 4 remain 0 wait 2 TA 6 WTA 1.50
At time 6 process 3 started arr 4 total 4 remain 4 wait 2
At time 8 process 3 paused arr 4 total 4 remain 2 wait 2
At time 8 process 2 resumed arr 0 total 4 remain 2 wait 6
At time 10 process 2 finished arr 0 total 4 remain 0 wait 6 TA 10 WTA 2.50
At time 10 process 4 started arr 6 total 4 remain 4 wait 4
At time 12 process 4 paused arr 6 total 4 remain 2 wait 4
At time 12 process 3 resumed arr 4 total 4 remain 2 wait 6
At time 14 process 3 finished arr 4 total 4 remain 0 wait 6 TA 10 WTA 2.50
At time 14 process 5 started arr 9 total 4 remain 4 wait 5
At time 16 process 5 paused arr 9 total 4 remain 2 wait 5
At time 16 process 6 started arr 12 total 4 remain 4 wait 4
At time 18 process 6 paused arr 12 total 4 remain 2 wait 4
At time 18 process 4 resumed arr 6 total 4 remain 2 wait 10
At time 20 process 4 finished arr 6 total 4 remain 0 wait 10 TA 14 WTA 3.50
At time 20 process 5 resumed arr 9 total 4 remain 2 wait 9
At time 22 process 5 finished arr 9 total 4 remain 0 wait 9 TA 13 WTA 3.25
At time 22 process 6 resumed arr 12 total 4 remain 2 wait 8
At time 24 process 6 finished arr 12 total 4 remain 0 wait 8 TA 12 WTA 3.00
#At time x process y state arr w total z remain y wait k
At time 0 process 1 started arr 0 total 4 remain 4 wait 0
At time 2 process 1 paused arr 0 total 4 remain 2 wait 0
At time 2 process 2 started arr 0 total 4 remain 4 wait 2
At time 4 process 2 paused arr 0 total 4 remain 2 wait 2
At time 4 process 1 resumed arr 0 total 4 remain 2 wait 2
At time 6 process 1 finished arr 0 total 4 remain 0 wait 2 TA 6 WTA 1.50
At time 6 process 3 started arr 4 total 4 remain 4 wait 2
At time 8 process 3 paused arr 4 total 4 remain 2 wait 2
At time 8 process 2 resumed arr 0 total 4 remain 2 wait 6
At time 10 process 2 finished arr 0 total 4 remain 0 wait 6 TA 10 WTA 2.50
At time 10 process 4 started arr 6 total 4 remain 4 wait 4
At time 12 process 4 paused arr 6 total 4 remain 2 wait 4
At time 12 process 3 resumed arr 4 total 4 remain 2 wait 6
At time 14 process 3 finished arr 4 total 4 remain 0 wait 6 TA 10 WTA 2.50
At time 14 process 4 resumed arr 6 total 4 remain 2 wait 6
At time 16 process 4 finished arr 6 total 4 remain 0 wait 6 TA 10 WTA 2.50
At time 16 process 5 started arr 16 total 4 remain 4 wait 0
At time 18 process 5 paused arr 16 total 4 remain 2 wait 0
At time 18 process 5 resumed arr 16 total 4 remain 2 wait 0
At time 20 process 5 finished arr 16 total 4 remain 0 wait 0 TA 4 WTA 1.00
At time 21 process 6 started arr 20 total 4 remain 4 wait 1
At time 22 process 6 paused arr 20 total 4 remain 3 wait 1
At time 23 process 6 resumed arr 20 total 4 remain 3 wait 2
At time 24 process 6 finished arr 20 total 4 remain 0 wait 0 TA 4 WTA 1.00
At time 24 process 6 paused arr 20 total 4 remain -1 wait 0
